17:26:43 scenario.file.loc[Ljava.lang.String;@3d36e4cd
17:26:43 loading BDD file: D:\MynewWorkspace\AssignmentFlipkart\.\scenarios\addtocart.bdd
17:26:43 total test found: 1
17:26:43 

Executing scenario: AddAppleproduct to cart from flipkart - Sample Test Scenario
17:26:43 pkg: com.qmetry.qaf.automation.step
17:26:43 pkg: com.assignmentflipkart
17:26:43 Found duplicate step to load [] with [lower] prority then []
17:26:43 Invoking Teststep: Given user open flipkart website
17:27:00 Completed Teststep: Given user open flipkart website
17:27:00 Invoking Teststep: Then user verify homepage
17:27:10 Completed Teststep: Then user verify homepage
17:27:10 Invoking Teststep: When user selects 'Apple' from 'Electronics' section with arguments: [Apple, Electronics]
17:27:12 Completed Teststep: When user selects 'Apple' from 'Electronics' section with arguments: [Apple, Electronics]
17:27:12 Invoking Teststep: Then user verify the page and click on 'iPad' with arguments: [iPad]
17:27:26 Completed Teststep: Then user verify the page and click on 'iPad' with arguments: [iPad]
17:27:26 Invoking Teststep: When user select the product with lowest price
17:27:28 Completed Teststep: When user select the product with lowest price
17:27:28 Invoking Teststep: And user tap on addtocart
17:27:43 Failure Teststep: And user tap on addtocart
org.openqa.selenium.TimeoutException: Timed out after 10 seconds: Wait time out for addtocart button to be visible
Build info: version: '2.53.0', revision: '35ae25b1534ae328c771e0856c93e187490ca824', time: '2016-03-15 10:43:46'
System info: host: 'ICPL11541', ip: '192.168.60.2', os.name: 'Windows 8', os.arch: 'amd64', os.version: '6.2', java.version: '1.8.0_111'
Driver info: driver.version: unknown
	at org.openqa.selenium.support.ui.FluentWait.timeoutException(FluentWait.java:292)
	at org.openqa.selenium.support.ui.FluentWait.until(FluentWait.java:261)
	at com.qmetry.qaf.automation.ui.webdriver.QAFExtendedWebElement.waitForVisible(QAFExtendedWebElement.java:478)
	at com.assignmentflipkart.pages.AddtocartTestPage.clickonaddtocart(AddtocartTestPage.java:36)
	at com.assignmentflipkart.StepsBackLog.UserTapOnAddtocart_aroundBody10(StepsBackLog.java:78)
	at com.assignmentflipkart.StepsBackLog$AjcClosure11.run(StepsBackLog.java:1)
	at org.aspectj.runtime.reflect.JoinPointImpl.proceed(JoinPointImpl.java:149)
	at com.qmetry.qaf.automation.step.JavaStepReporter.javaTestStep(JavaStepReporter.java:101)
	at com.assignmentflipkart.StepsBackLog.UserTapOnAddtocart(StepsBackLog.java:76)
	at sun.reflect.NativeMethodAccessorImpl.invoke0(Native Method)
	at sun.reflect.NativeMethodAccessorImpl.invoke(Unknown Source)
	at sun.reflect.DelegatingMethodAccessorImpl.invoke(Unknown Source)
	at java.lang.reflect.Method.invoke(Unknown Source)
	at com.qmetry.qaf.automation.step.JavaStep.doExecute(JavaStep.java:160)
	at com.qmetry.qaf.automation.step.BaseTestStep.execute(BaseTestStep.java:149)
	at com.qmetry.qaf.automation.step.StringTestStep.execute(StringTestStep.java:134)
	at com.qmetry.qaf.automation.step.client.Scenario.execute(Scenario.java:167)
	at com.qmetry.qaf.automation.step.client.Scenario.scenario(Scenario.java:219)
	at sun.reflect.NativeMethodAccessorImpl.invoke0(Native Method)
	at sun.reflect.NativeMethodAccessorImpl.invoke(Unknown Source)
	at sun.reflect.DelegatingMethodAccessorImpl.invoke(Unknown Source)
	at java.lang.reflect.Method.invoke(Unknown Source)
	at org.testng.internal.MethodInvocationHelper.invokeMethod(MethodInvocationHelper.java:104)
	at org.testng.internal.Invoker.invokeMethod(Invoker.java:645)
	at org.testng.internal.Invoker.invokeTestMethod(Invoker.java:851)
	at org.testng.internal.Invoker.invokeTestMethods(Invoker.java:1177)
	at org.testng.internal.TestMethodWorker.invokeTestMethods(TestMethodWorker.java:129)
	at org.testng.internal.TestMethodWorker.run(TestMethodWorker.java:112)
	at org.testng.TestRunner.privateRun(TestRunner.java:781)
	at org.testng.TestRunner.run(TestRunner.java:635)
	at org.testng.SuiteRunner.runTest(SuiteRunner.java:387)
	at org.testng.SuiteRunner.runSequentially(SuiteRunner.java:382)
	at org.testng.SuiteRunner.privateRun(SuiteRunner.java:340)
	at org.testng.SuiteRunner.run(SuiteRunner.java:289)
	at org.testng.SuiteRunnerWorker.runSuite(SuiteRunnerWorker.java:52)
	at org.testng.SuiteRunnerWorker.run(SuiteRunnerWorker.java:86)
	at org.testng.TestNG.runSuitesSequentially(TestNG.java:1293)
	at org.testng.TestNG.runSuitesLocally(TestNG.java:1218)
	at org.testng.TestNG.runSuites(TestNG.java:1133)
	at org.testng.TestNG.run(TestNG.java:1104)
	at org.testng.TestNG.privateMain(TestNG.java:1434)
	at org.testng.TestNG.main(TestNG.java:1403)
17:27:43 Completed Teststep: And user tap on addtocart
17:27:43 Competed scenario: AddAppleproduct to cart from flipkart with status FAILURE
